[    0.000000] Initializing cgroup subsys cpuset
[    0.000000] Initializing cgroup subsys cpu
[    0.000000] Initializing cgroup subsys cpuacct
[    0.000000] Linux version 4.4.0-210-generic (buildd@lgw01-amd64-009) (gcc version 5.4.0 20160609 (Ubuntu 5.4.0-6ubuntu1~16.04.12) ) #242-Ubuntu SMP Fri Apr 16 09:57:56 UTC 2021 (Ubuntu 4.4.0-210.242-generic 4.4.262)
[    0.000000] Command line: BOOT_IMAGE=/boot/vmlinuz-4.4.0-210-generic root=LABEL=cloudimg-rootfs ro console=tty1 console=ttyS0
[    0.000000] KERNEL supported cpus:
[    0.000000]   Intel GenuineIntel
[    0.000000]   AMD AuthenticAMD
[    0.000000]   Centaur CentaurHauls
[    0.000000] x86/fpu: Legacy x87 FPU detected.
[    0.000000] e820: BIOS-provided physical RAM map:
[    0.000000] BIOS-e820: [mem 0x0000000000000000-0x000000000009fbff] usable
[    0.000000] BIOS-e820: [mem 0x000000000009fc00-0x000000000009ffff] reserved
[    0.000000] BIOS-e820: [mem 0x00000000000f0000-0x00000000000fffff] reserved
[    0.000000] BIOS-e820: [mem 0x0000000000100000-0x000000001ffeffff] usable
[    0.000000] BIOS-e820: [mem 0x000000001fff0000-0x000000001fffffff] ACPI data
[    0.000000] BIOS-e820: [mem 0x00000000fec00000-0x00000000fec00fff] reserved
[    0.000000] BIOS-e820: [mem 0x00000000fee00000-0x00000000fee00fff] reserved
[    0.000000] BIOS-e820: [mem 0x00000000fffc0000-0x00000000ffffffff] reserved
[    0.000000] NX (Execute Disable) protection: active
[    0.000000] SMBIOS 2.5 present.
[    0.000000] Hypervisor detected: KVM
[    0.000000] Kernel/User page tables isolation: disabled
[    0.000000] e820: last_pfn = 0x1fff0 max_arch_pfn = 0x400000000
[    0.000000] MTRR: Disabled
[    0.000000] x86/PAT: MTRRs disabled, skipping PAT initialization too.
[    0.000000] CPU MTRRs all blank - virtualized system.
[    0.000000] x86/PAT: Configuration [0-7]: WB  WT  UC- UC  WB  WT  UC- UC  
[    0.000000] found SMP MP-table at [mem 0x0009fff0-0x0009ffff] mapped at [ffff88000009fff0]
[    0.000000] Scanning 1 areas for low memory corruption
[    0.000000] RAMDISK: [mem 0x1e8c2000-0x1f74bfff]
[    0.000000] ACPI: Early table checksum verification disabled
[    0.000000] ACPI: RSDP 0x00000000000E0000 000024 (v02 VBOX  )
[    0.000000] ACPI: XSDT 0x000000001FFF0030 00003C (v01 VBOX   VBOXXSDT 00000001 ASL  00000061)
[    0.000000] ACPI: FACP 0x000000001FFF00F0 0000F4 (v04 VBOX   VBOXFACP 00000001 ASL  00000061)
[    0.000000] ACPI: DSDT 0x000000001FFF0610 002353 (v02 VBOX   VBOXBIOS 00000002 INTL 20100528)
[    0.000000] ACPI: FACS 0x000000001FFF0200 000040
[    0.000000] ACPI: FACS 0x000000001FFF0200 000040
[    0.000000] ACPI: APIC 0x000000001FFF0240 00005C (v02 VBOX   VBOXAPIC 00000001 ASL  00000061)
[    0.000000] ACPI: SSDT 0x000000001FFF02A0 00036C (v01 VBOX   VBOXCPUT 00000002 INTL 20100528)
[    0.000000] No NUMA configuration found
[    0.000000] Faking a node at [mem 0x0000000000000000-0x000000001ffeffff]
[    0.000000] NODE_DATA(0) allocated [mem 0x1ffeb000-0x1ffeffff]
[    0.000000] kvm-clock: Using msrs 4b564d01 and 4b564d00
[    0.000000] kvm-clock: cpu 0, msr 0:1ffe3001, primary cpu clock
[    0.000000] kvm-clock: using sched offset of 3382387952 cycles
[    0.000000] clocksource: kvm-clock: mask: 0xffffffffffffffff max_cycles: 0x1cd42e4dffb, max_idle_ns: 881590591483 ns
[    0.000000] Zone ranges:
[    0.000000]   DMA      [mem 0x0000000000001000-0x0000000000ffffff]
[    0.000000]   DMA32    [mem 0x0000000001000000-0x000000001ffeffff]
[    0.000000]   Normal   empty
[    0.000000]   Device   empty
[    0.000000] Movable zone start for each node
[    0.000000] Early memory node ranges
[    0.000000]   node   0: [mem 0x0000000000001000-0x000000000009efff]
[    0.000000]   node   0: [mem 0x0000000000100000-0x000000001ffeffff]
[    0.000000] Initmem setup node 0 [mem 0x0000000000001000-0x000000001ffeffff]
[    0.000000] ACPI: PM-Timer IO Port: 0x4008
[    0.000000] IOAPIC[0]: apic_id 2, version 32, address 0xfec00000, GSI 0-23
[    0.000000] ACPI: INT_SRC_OVR (bus 0 bus_irq 0 global_irq 2 dfl dfl)
[    0.000000] ACPI: INT_SRC_OVR (bus 0 bus_irq 9 global_irq 9 low level)
[    0.000000] Using ACPI (MADT) for SMP configuration information
[    0.000000] smpboot: Allowing 2 CPUs, 0 hotplug CPUs
[    0.000000] PM: Registered nosave memory: [mem 0x00000000-0x00000fff]
[    0.000000] PM: Registered nosave memory: [mem 0x0009f000-0x0009ffff]
[    0.000000] PM: Registered nosave memory: [mem 0x000a0000-0x000effff]
[    0.000000] PM: Registered nosave memory: [mem 0x000f0000-0x000fffff]
[    0.000000] e820: [mem 0x20000000-0xfebfffff] available for PCI devices
[    0.000000] Booting paravirtualized kernel on KVM
[    0.000000] clocksource: refined-jiffies: mask: 0xffffffff max_cycles: 0xffffffff, max_idle_ns: 7645519600211568 ns
[    0.000000] setup_percpu: NR_CPUS:512 nr_cpumask_bits:512 nr_cpu_ids:2 nr_node_ids:1
[    0.000000] PERCPU: Embedded 33 pages/cpu @ffff88001fc00000 s95192 r8192 d31784 u1048576
[    0.000000] Built 1 zonelists in Node order, mobility grouping on.  Total pages: 128888
[    0.000000] Policy zone: DMA32
[    0.000000] Kernel command line: BOOT_IMAGE=/boot/vmlinuz-4.4.0-210-generic root=LABEL=cloudimg-rootfs ro console=tty1 console=ttyS0
[    0.000000] PID hash table entries: 2048 (order: 2, 16384 bytes)
[    0.000000] Memory: 481712K/523832K available (8644K kernel code, 1332K rwdata, 4044K rodata, 1492K init, 1164K bss, 42120K reserved, 0K cma-reserved)
[    0.000000] SLUB: HWalign=64, Order=0-3, MinObjects=0, CPUs=2, Nodes=1
[    0.000000] Hierarchical RCU implementation.
[    0.000000] 	Build-time adjustment of leaf fanout to 64.
[    0.000000] 	RCU restricting CPUs from NR_CPUS=512 to nr_cpu_ids=2.
[    0.000000] RCU: Adjusting geometry for rcu_fanout_leaf=64, nr_cpu_ids=2
[    0.000000] NR_IRQS:33024 nr_irqs:440 16
[    0.000000] Console: colour VGA+ 80x25
[    0.000000] console [tty1] enabled
[    0.000000] console [ttyS0] enabled
[    0.000000] tsc: Detected 2304.006 MHz processor
[    0.391782] Calibrating delay loop (skipped) preset value.. 4608.01 BogoMIPS (lpj=9216024)
[    0.397345] pid_max: default: 32768 minimum: 301
[    0.400351] ACPI: Core revision 20150930
[    0.403760] ACPI: 2 ACPI AML tables successfully acquired and loaded
[    0.408450] Security Framework initialized
[    0.411184] Yama: becoming mindful.
[    0.413596] AppArmor: AppArmor initialized
[    0.416432] Dentry cache hash table entries: 65536 (order: 7, 524288 bytes)
[    0.424048] Inode-cache hash table entries: 32768 (order: 6, 262144 bytes)
[    0.430392] Mount-cache hash table entries: 1024 (order: 1, 8192 bytes)
[    0.436487] Mountpoint-cache hash table entries: 1024 (order: 1, 8192 bytes)
[    0.441374] Initializing cgroup subsys io
[    0.444204] Initializing cgroup subsys memory
[    0.447305] Initializing cgroup subsys devices
[    0.451580] Initializing cgroup subsys freezer
[    0.454540] Initializing cgroup subsys net_cls
[    0.458114] Initializing cgroup subsys perf_event
[    0.461767] Initializing cgroup subsys net_prio
[    0.464871] Initializing cgroup subsys hugetlb
[    0.467987] Initializing cgroup subsys pids
[    0.473341] mce: CPU supports 0 MCE banks
[    0.476273] Last level iTLB entries: 4KB 64, 2MB 8, 4MB 8
[    0.479891] Last level dTLB entries: 4KB 64, 2MB 0, 4MB 0, 1GB 4
[    0.484031] Spectre V1 : Mitigation: usercopy/swapgs barriers and __user pointer sanitization
[    0.489845] Spectre V2 : Mitigation: Enhanced IBRS
[    0.493935] Spectre V2 : Spectre v2 / SpectreRSB mitigation: Filling RSB on context switch
[    0.501345] Speculative Store Bypass: Vulnerable
[    0.504860] SRBDS: Mitigation: TSX disabled
[    0.549085] Freeing SMP alternatives memory: 36K
[    0.639331] ftrace: allocating 32380 entries in 127 pages
[    1.232086] smpboot: APIC(0) Converting physical 0 to logical package 0
[    1.236873] smpboot: Max logical packages: 1
[    1.249643] ..TIMER: vector=0x30 apic1=0 pin1=2 apic2=-1 pin2=-1
[    1.362214] APIC calibration not consistent with PM-Timer: 103ms instead of 100ms
[    1.367416] APIC delta adjusted to PM-Timer: 6301293 (6510671)
[    1.371595] smpboot: CPU0: Intel(R) Core(TM) i7-10510U CPU @ 1.80GHz (family: 0x6, model: 0x8e, stepping: 0xc)
[    1.378491] Performance Events: unsupported p6 CPU model 142 no PMU driver, software events only.
[    1.473683] KVM setup paravirtual spinlock
[    1.477557] x86: Booting SMP configuration:
[    1.480297] .... node  #0, CPUs:      #1
[    1.483901] kvm-clock: cpu 1, msr 0:1ffe3041, secondary cpu clock
[    1.489815] mce: CPU supports 0 MCE banks
[    1.493360] TSC synchronization [CPU#0 -> CPU#1]:
[    1.496368] Measured 96873 cycles TSC warp between CPUs, turning off TSC clock.
[    1.500777] tsc: Marking TSC unstable due to check_tsc_sync_source failed
[    0.477305] x86: Booted up 1 node, 2 CPUs
[    0.480003] smpboot: Total of 2 processors activated (9216.02 BogoMIPS)
[    0.485326] devtmpfs: initialized
[    0.489343] evm: security.selinux
[    0.491476] evm: security.SMACK64
[    0.492002] evm: security.SMACK64EXEC
[    0.494394] evm: security.SMACK64TRANSMUTE
[    0.496001] evm: security.SMACK64MMAP
[    0.500002] evm: security.ima
[    0.502005] evm: security.capability
[    0.504000] clocksource: jiffies: mask: 0xffffffff max_cycles: 0xffffffff, max_idle_ns: 7645041785100000 ns
[    0.516009] futex hash table entries: 512 (order: 3, 32768 bytes)
[    0.524107] pinctrl core: initialized pinctrl subsystem
[    0.528326] RTC time: 13:08:19, date: 06/19/23
[    0.536047] NET: Registered protocol family 16
[    0.544005] cpuidle: using governor ladder
[    0.552005] cpuidle: using governor menu
[    0.556013] PCCT header not found.
[    0.558499] ACPI: bus type PCI registered
[    0.560002] acpiphp: ACPI Hot Plug PCI Controller Driver version: 0.5
[    0.568222] PCI: Using configuration type 1 for base access
[    0.580120] ACPI: Added _OSI(Module Device)
[    0.584002] ACPI: Added _OSI(Processor Device)
[    0.588002] ACPI: Added _OSI(3.0 _SCP Extensions)
[    0.592002] ACPI: Added _OSI(Processor Aggregator Device)
[    0.596890] ACPI: Executed 1 blocks of module-level executable AML code
[    0.605691] ACPI: Interpreter enabled
[    0.608009] ACPI: (supports S0 S5)
[    0.610481] ACPI: Using IOAPIC for interrupt routing
[    0.612246] PCI: Using host bridge windows from ACPI; if necessary, use "pci=nocrs" and report a bug
[    0.626176] ACPI: PCI Root Bridge [PCI0] (domain 0000 [bus 00-ff])
[    0.628005] acpi PNP0A03:00: _OSC: OS supports [ASPM ClockPM Segments MSI]
[    0.636018] acpi PNP0A03:00: _OSC: not requesting OS control; OS requires [ExtendedConfig ASPM ClockPM MSI]
[    0.640007] acpi PNP0A03:00: fail to add MMCONFIG information, can't access extended PCI configuration space under this bridge.
[    0.648505] PCI host bridge to bus 0000:00
[    0.652031] pci_bus 0000:00: root bus resource [io  0x0000-0x0cf7 window]
[    0.660003] pci_bus 0000:00: root bus resource [io  0x0d00-0xffff window]
[    0.664003] pci_bus 0000:00: root bus resource [mem 0x000a0000-0x000bffff window]
[    0.668002] pci_bus 0000:00: root bus resource [mem 0x20000000-0xfdffffff window]
[    0.672003] pci_bus 0000:00: root bus resource [bus 00-ff]
[    0.682452] pci 0000:00:01.1: legacy IDE quirk: reg 0x10: [io  0x01f0-0x01f7]
[    0.684002] pci 0000:00:01.1: legacy IDE quirk: reg 0x14: [io  0x03f6]
[    0.688002] pci 0000:00:01.1: legacy IDE quirk: reg 0x18: [io  0x0170-0x0177]
[    0.696002] pci 0000:00:01.1: legacy IDE quirk: reg 0x1c: [io  0x0376]
[    0.715634] pci 0000:00:07.0: quirk: [io  0x4000-0x403f] claimed by PIIX4 ACPI
[    0.732027] pci 0000:00:07.0: quirk: [io  0x4100-0x410f] claimed by PIIX4 SMB
[    0.747388] ACPI: PCI Interrupt Link [LNKA] (IRQs 5 9 10 *11)
[    0.755481] ACPI: PCI Interrupt Link [LNKB] (IRQs 5 9 *10 11)
[    0.761896] ACPI: PCI Interrupt Link [LNKC] (IRQs 5 *9 10 11)
[    0.768787] ACPI: PCI Interrupt Link [LNKD] (IRQs 5 9 10 *11)
[    0.776166] ACPI: Enabled 2 GPEs in block 00 to 07
[    0.780176] vgaarb: setting as boot device: PCI:0000:00:02.0
[    0.784000] vgaarb: device added: PCI:0000:00:02.0,decodes=io+mem,owns=io+mem,locks=none
[    0.788002] vgaarb: loaded
[    0.792002] vgaarb: bridge control possible 0000:00:02.0
[    0.795766] SCSI subsystem initialized
[    0.796135] ACPI: bus type USB registered
[    0.800016] usbcore: registered new interface driver usbfs
[    0.804009] usbcore: registered new interface driver hub
[    0.808008] usbcore: registered new device driver usb
[    0.812155] PCI: Using ACPI for IRQ routing
[    0.816694] NetLabel: Initializing
[    0.820002] NetLabel:  domain hash size = 128
[    0.824001] NetLabel:  protocols = UNLABELED CIPSOv4
[    0.827319] NetLabel:  unlabeled traffic allowed by default
[    0.828109] amd_nb: Cannot enumerate AMD northbridges
[    0.836269] clocksource: Switched to clocksource kvm-clock
[    0.856165] AppArmor: AppArmor Filesystem Enabled
[    0.860142] pnp: PnP ACPI init
[    0.863829] pnp: PnP ACPI: found 3 devices
[    0.873989] clocksource: acpi_pm: mask: 0xffffff max_cycles: 0xffffff, max_idle_ns: 2085701024 ns
[    0.880580] NET: Registered protocol family 2
[    0.883972] TCP established hash table entries: 4096 (order: 3, 32768 bytes)
[    0.888970] TCP bind hash table entries: 4096 (order: 4, 65536 bytes)
[    0.893639] TCP: Hash tables configured (established 4096 bind 4096)
[    0.898631] UDP hash table entries: 256 (order: 1, 8192 bytes)
[    0.902483] UDP-Lite hash table entries: 256 (order: 1, 8192 bytes)
[    0.906449] NET: Registered protocol family 1
[    0.906449] pci 0000:00:00.0: Limiting direct PCI/PCI transfers
[    0.906449] pci 0000:00:01.0: Activating ISA DMA hang workarounds
[    0.906449] Unpacking initramfs...
[    0.906449] Freeing initrd memory: 14888K
[    0.906449] clocksource: tsc: mask: 0xffffffffffffffff max_cycles: 0x2135fd711f6, max_idle_ns: 440795262176 ns
[    0.906449] platform rtc_cmos: registered platform RTC device (no PNP device found)
[    0.906449] Scanning for low memory corruption every 60 seconds
[    1.239293] audit: initializing netlink subsys (disabled)
[    1.242818] audit: type=2000 audit(1687180104.952:1): initialized
[    1.247093] Initialise system trusted keyring
[    1.250870] HugeTLB registered 2 MB page size, pre-allocated 0 pages
[    1.256798] zbud: loaded
[    1.259286] VFS: Disk quotas dquot_6.6.0
[    1.261936] VFS: Dquot-cache hash table entries: 512 (order 0, 4096 bytes)
[    1.266332] squashfs: version 4.0 (2009/01/31) Phillip Lougher
[    1.270594] fuse init (API version 7.23)
[    1.273716] Key type big_key registered
[    1.276136] Allocating IMA MOK and blacklist keyrings.
[    1.287240] Key type asymmetric registered
[    1.290094] Asymmetric key parser 'x509' registered
[    1.293480] Block layer SCSI generic (bsg) driver version 0.4 loaded (major 249)
[    1.298623] io scheduler noop registered
[    1.301309] io scheduler deadline registered (default)
[    1.304700] io scheduler cfq registered
[    1.307245] pci_hotplug: PCI Hot Plug PCI Core version: 0.5
[    1.310909] pciehp: PCI Express Hot Plug Controller Driver version: 0.4
[    1.315407] ACPI: AC Adapter [AC] (on-line)
[    1.318904] input: Power Button as /devices/LNXSYSTM:00/LNXPWRBN:00/input/input0
[    1.323635] ACPI: Power Button [PWRF]
[    1.326453] input: Sleep Button as /devices/LNXSYSTM:00/LNXSLPBN:00/input/input1
[    1.331201] ACPI: Sleep Button [SLPF]
[    1.334334] GHES: HEST is not enabled!
[    1.337578] Serial: 8250/16550 driver, 32 ports, IRQ sharing enabled
[    1.361059] ACPI: Battery Slot [BAT0] (battery present)
[    1.365636] 00:02: ttyS0 at I/O 0x3f8 (irq = 4, base_baud = 115200) is a 16550A
[    1.392093] Linux agpgart interface v0.103
[    1.403770] loop: module loaded
[    1.407950] scsi host0: ata_piix
[    1.411288] scsi host1: ata_piix
[    1.413581] ata1: PATA max UDMA/33 cmd 0x1f0 ctl 0x3f6 bmdma 0xd000 irq 14
[    1.417795] ata2: PATA max UDMA/33 cmd 0x170 ctl 0x376 bmdma 0xd008 irq 15
[    1.422427] libphy: Fixed MDIO Bus: probed
[    1.425145] tun: Universal TUN/TAP device driver, 1.6
[    1.428204] tun: (C) 1999-2004 Max Krasnyansky <maxk@qualcomm.com>
[    1.432427] PPP generic driver version 2.4.2
[    1.435469] ehci_hcd: USB 2.0 'Enhanced' Host Controller (EHCI) Driver
[    1.439721] ehci-pci: EHCI PCI platform driver
[    1.442756] ehci-platform: EHCI generic platform driver
[    1.446337] ohci_hcd: USB 1.1 'Open' Host Controller (OHCI) Driver
[    1.450553] ohci-pci: OHCI PCI platform driver
[    1.453476] ohci-platform: OHCI generic platform driver
[    1.456898] uhci_hcd: USB Universal Host Controller Interface driver
[    1.461680] i8042: PNP: PS/2 Controller [PNP0303:PS2K,PNP0f03:PS2M] at 0x60,0x64 irq 1,12
[    1.469589] serio: i8042 KBD port at 0x60,0x64 irq 1
[    1.472785] serio: i8042 AUX port at 0x60,0x64 irq 12
[    1.476677] mousedev: PS/2 mouse device common for all mice
[    1.482771] rtc_cmos rtc_cmos: rtc core: registered rtc_cmos as rtc0
[    1.487791] rtc_cmos rtc_cmos: alarms up to one day, 114 bytes nvram
[    1.491977] i2c /dev entries driver
[    1.494466] device-mapper: uevent: version 1.0.3
[    1.498018] device-mapper: ioctl: 4.34.0-ioctl (2015-10-28) initialised: dm-devel@redhat.com
[    1.504542] ledtrig-cpu: registered to indicate activity on CPUs
[    1.509484] input: AT Translated Set 2 keyboard as /devices/platform/i8042/serio0/input/input2
[    1.515788] NET: Registered protocol family 10
[    1.520199] NET: Registered protocol family 17
[    1.523270] Key type dns_resolver registered
[    1.526708] registered taskstats version 1
[    1.529749] Loading compiled-in X.509 certificates
[    1.533434] Loaded X.509 cert 'Build time autogenerated kernel key: cf00e047681d67edb2720680708b7d9498083038'
[    1.539777] zswap: loaded using pool lzo/zbud
[    1.545959] Key type trusted registered
[    1.553825] Key type encrypted registered
[    1.556784] AppArmor: AppArmor sha1 policy hashing enabled
[    1.560443] ima: No TPM chip found, activating TPM-bypass!
[    1.563995] ima: Allocated hash algorithm: sha1
[    1.567410] evm: HMAC attrs: 0x1
[    1.570710]   Magic number: 11:869:129
[    1.573473] acpi device:04: hash matches
[    1.622878] rtc_cmos rtc_cmos: setting system clock to 2023-06-19 13:08:21 UTC (1687180101)
[    1.629898] BIOS EDD facility v0.16 2004-Jun-25, 0 devices found
[    1.633868] EDD information not available.
[    1.638743] Freeing unused kernel memory: 1492K
[    1.641915] Write protecting the kernel read-only data: 14336k
[    1.646787] Freeing unused kernel memory: 1584K
[    1.650301] Freeing unused kernel memory: 52K
Loading, please wait...
starting version 229
[    1.672555] random: systemd-udevd: uninitialized urandom read (16 bytes read, 9 bits of entropy available)
[    1.672769] random: udevadm: uninitialized urandom read (16 bytes read, 9 bits of entropy available)
[    1.672780] random: udevadm: uninitialized urandom read (16 bytes read, 9 bits of entropy available)
[    1.680230] random: udevadm: uninitialized urandom read (16 bytes read, 9 bits of entropy available)
[    1.680283] random: udevadm: uninitialized urandom read (16 bytes read, 9 bits of entropy available)
[    1.680408] random: udevadm: uninitialized urandom read (16 bytes read, 9 bits of entropy available)
[    1.680439] random: udevadm: uninitialized urandom read (16 bytes read, 9 bits of entropy available)
[    1.680469] random: udevadm: uninitialized urandom read (16 bytes read, 9 bits of entropy available)
[    1.680553] random: udevadm: uninitialized urandom read (16 bytes read, 9 bits of entropy available)
[    1.680585] random: udevadm: uninitialized urandom read (16 bytes read, 9 bits of entropy available)
[    1.776770] Fusion MPT base driver 3.04.20
[    1.780172] Copyright (c) 1999-2008 LSI Corporation
[    1.796567] e1000: Intel(R) PRO/1000 Network Driver - version 7.3.21-k8-NAPI
[    1.802733] e1000: Copyright (c) 1999-2006 Intel Corporation.
[    1.815758] Fusion MPT SPI Host driver 3.04.20
[    1.835943] SSE version of gcm_enc/dec engaged.
[    1.840335] mptbase: ioc0: Initiating bringup
[    2.036393] ioc0: LSI53C1030 A0: Capabilities={Initiator}
[    2.042708] input: ImExPS/2 Generic Explorer Mouse as /devices/platform/i8042/serio1/input/input4
[    3.808524] scsi host2: ioc0: LSI53C1030 A0, FwRev=00000000h, Ports=1, MaxQ=256, IRQ=20
[    5.058317] scsi 2:0:0:0: Direct-Access     VBOX     HARDDISK         1.0  PQ: 0 ANSI: 5
[    5.064374] scsi target2:0:0: Beginning Domain Validation
[    5.074434] scsi target2:0:0: Domain Validation skipping write tests
[    5.078351] scsi target2:0:0: Ending Domain Validation
[    5.081714] scsi target2:0:0: asynchronous
[    5.088622] scsi 2:0:1:0: Direct-Access     VBOX     HARDDISK         1.0  PQ: 0 ANSI: 5
[    5.094541] scsi target2:0:1: Beginning Domain Validation
[    5.104623] scsi target2:0:1: Domain Validation skipping write tests
[    5.108692] scsi target2:0:1: Ending Domain Validation
[    5.112156] scsi target2:0:1: asynchronous
[    5.133124] sd 2:0:0:0: Attached scsi generic sg0 type 0
[    5.137860] sd 2:0:0:0: [sda] 83886080 512-byte logical blocks: (42.9 GB/40.0 GiB)
[    5.143705] sd 2:0:1:0: Attached scsi generic sg1 type 0
[    5.162376] sd 2:0:1:0: [sdb] 20480 512-byte logical blocks: (10.5 MB/10.0 MiB)
[    5.168504] sd 2:0:0:0: [sda] Write Protect is off
[    5.171996] sd 2:0:1:0: [sdb] Write Protect is off
[    5.175483] sd 2:0:0:0: [sda] Incomplete mode parameter data
[    5.179316] sd 2:0:0:0: [sda] Assuming drive cache: write through
[    5.184021] sd 2:0:1:0: [sdb] Incomplete mode parameter data
[    5.188063] sd 2:0:1:0: [sdb] Assuming drive cache: write through
[    5.199219]  sda: sda1
[    5.203720] sd 2:0:1:0: [sdb] Attached SCSI disk
[    5.206813] sd 2:0:0:0: [sda] Attached SCSI disk
[    5.662164] e1000 0000:00:03.0 eth0: (PCI:33MHz:32-bit) 02:be:82:6b:cc:1d
[    5.667211] e1000 0000:00:03.0 eth0: Intel(R) PRO/1000 Network Connection
[    6.225885] e1000 0000:00:08.0 eth1: (PCI:33MHz:32-bit) 08:00:27:92:5d:df
[    6.230884] e1000 0000:00:08.0 eth1: Intel(R) PRO/1000 Network Connection
[    6.237637] e1000 0000:00:08.0 enp0s8: renamed from eth1
[    6.253154] e1000 0000:00:03.0 enp0s3: renamed from eth0
Begin: Loading essential drivers ... [    7.752385] md: linear personality registered for level -1
[    7.759269] md: multipath personality registered for level -4
[    7.765900] md: raid0 personality registered for level 0
[    7.780449] md: raid1 personality registered for level 1
[    7.856353] raid6: sse2x1   gen() 12424 MB/s
[    7.924055] raid6: sse2x1   xor()  8614 MB/s
[    7.992269] raid6: sse2x2   gen() 17131 MB/s
[    8.060419] raid6: sse2x2   xor()  9371 MB/s
[    8.128824] raid6: sse2x4   gen() 15877 MB/s
[    8.196179] raid6: sse2x4   xor() 10843 MB/s
[    8.199602] raid6: using algorithm sse2x2 gen() 17131 MB/s
[    8.203177] raid6: .... xor() 9371 MB/s, rmw enabled
[    8.206415] raid6: using ssse3x2 recovery algorithm
[    8.211407] xor: measuring software checksum speed
[   13.650271]    prefetch64-sse: 1828098.704 MB/sec
[   13.757188]    generic_sse: 65877.000 MB/sec
[   13.760588] xor: using function: prefetch64-sse (1828098.704 MB/sec)
[   13.766589] async_tx: api initialized (async)
[   13.807369] md: raid6 personality registered for level 6
[   13.811406] md: raid5 personality registered for level 5
[   13.815379] md: raid4 personality registered for level 4
[   13.840195] md: raid10 personality registered for level 10
done.
Begin: Running /scripts/init-premount ... done.
Begin: Mounting root file system ... Begin: Running /scripts/local-top ... done.
Begin: Running /scripts/local-premount ... [   13.909351] Btrfs loaded
Scanning for Btrfs filesystems
done.
Warning: fsck not present, so skipping root file system
[   13.957876] EXT4-fs (sda1): mounted filesystem with ordered data mode. Opts: (null)
done.
Begin: Running /scripts/local-bottom ... done.
Begin: Running /scripts/init-bottom ... done.
[   14.097065] systemd[1]: systemd 229 running in system mode. (+PAM +AUDIT +SELINUX +IMA +APPARMOR +SMACK +SYSVINIT +UTMP +LIBCRYPTSETUP +GCRYPT +GNUTLS +ACL +XZ -LZ4 +SECCOMP +BLKID +ELFUTILS +KMOD -IDN)
[   14.108206] systemd[1]: Detected virtualization oracle.
[   14.111435] systemd[1]: Detected architecture x86-64.

Welcome to [1mUbuntu 16.04.7 LTS[0m!

[   14.121171] systemd[1]: Set hostname to <ubuntu>.
[   14.127448] systemd[1]: Initializing machine ID from random generator.
[   14.131588] systemd[1]: Installed transient /etc/machine-id file.
[   14.303039] systemd[1]: Reached target System Time Synchronized.
[[0;32m  OK  [0m] Reached target System Time Synchronized.
[   14.309484] systemd[1]: Listening on Journal Audit Socket.
[[0;32m  OK  [0m] Listening on Journal Audit Socket.
[   14.315279] systemd[1]: Reached target Swap.
[[0;32m  OK  [0m] Reached target Swap.
[   14.320392] systemd[1]: Listening on LVM2 poll daemon socket.
[[0;32m  OK  [0m] Listening on LVM2 poll daemon socket.
[   14.326183] systemd[1]: Reached target User and Group Name Lookups.
[[0;32m  OK  [0m] Reached target User and Group Name Lookups.
[   14.332496] systemd[1]: Listening on udev Control Socket.
[[0;32m  OK  [0m] Listening on udev Control Socket.
[   14.338065] systemd[1]: Listening on Device-mapper event daemon FIFOs.
[[0;32m  OK  [0m] Listening on Device-mapper event daemon FIFOs.
[   14.344635] systemd[1]: Reached target Encrypted Volumes.
[[0;32m  OK  [0m] Reached target Encrypted Volumes.
[   14.350231] systemd[1]: Listening on LVM2 metadata daemon socket.
[[0;32m  OK  [0m] Listening on LVM2 metadata daemon socket.
[   14.356405] systemd[1]: Started Trigger resolvconf update for networkd DNS.
[[0;32m  OK  [0m] Started Trigger resolvconf update for networkd DNS.
[   14.363309] systemd[1]: Started Forward Password Requests to Wall Directory Watch.
[[0;32m  OK  [0m] Started Forward Password Requests to Wall Directory Watch.
[   14.370773] systemd[1]: Listening on fsck to fsckd communication Socket.
[[0;32m  OK  [0m] Listening on fsck to fsckd communication Socket.
[   14.377454] systemd[1]: Listening on udev Kernel Socket.
[[0;32m  OK  [0m] Listening on udev Kernel Socket.
[   14.383146] systemd[1]: Listening on Journal Socket.
[[0;32m  OK  [0m] Listening on Journal Socket.
[   14.388685] systemd[1]: Created slice User and Session Slice.
[[0;32m  OK  [0m] Created slice User and Session Slice.
[   14.394679] systemd[1]: Created slice System Slice.
[[0;32m  OK  [0m] Created slice System Slice.
[   14.400074] systemd[1]: Created slice system-serial\x2dgetty.slice.
[[0;32m  OK  [0m] Created slice system-serial\x2dgetty.slice.
[   14.420748] systemd[1]: Mounting POSIX Message Queue File System...
         Mounting POSIX Message Queue File System...
[   14.427683] systemd[1]: Starting File System Check on Root Device...
         Starting File System Check on Root Device...
[   14.435059] systemd[1]: Mounting Debug File System...
         Mounting Debug File Sys[   14.439113] systemd[1]: Starting Nameserver information manager...
tem...
         Starting Nameserver information manager...
[   14.450767] systemd[1]: Starting Set console keymap...
         Starting Set console keymap...
[   14.458980] systemd[1]: Listening on Journal Socket (/dev/log).
[[0;32m  OK  [0m] Listening on Journal Socket (/dev/log).
[   14.481133] systemd[1]: Mounting Huge Pages File System...
         Mounting Huge Pages File System...
[   14.490163] systemd[1]: Listening on /dev/initctl Compatibility Named Pipe.
[[0;32m  OK  [0m] Listening on /dev/initctl Compatibility Named Pipe.
[   14.499756] systemd[1]: Set up automount Arbitrary Executable File Formats File System Automount Point.
[[0;32m  OK  [0m] Set up automount Arbitrary Executab...ats File System Automount Point.
[   14.512380] systemd[1]: Starting Uncomplicated firewall...
         Starting Uncomplicated firewall...
[   14.520944] systemd[1]: Starting Create list of required static device nodes for the current kernel...
         Starting Create list of required st... nodes for the current kernel...
[   14.531750] systemd[1]: Listening on Syslog Socket.
[[0;32m  OK  [0m] Listening on Syslog Socket.
[   14.540804] systemd[1]: Starting Load Kernel Modules...
         Starting Load Kernel Modules...
[   14.552492] systemd[1]: Starting Monitoring of LVM2 mirrors, snapshots etc. using dmeventd or progress polling...
         Starting Monitoring of LVM2 mirrors... dmeventd or progress polling...
[   14.564558] systemd[1]: Reached target Slices.
[   14.570135] Loading iSCSI transport class v2.0-870.
[[0;32m  OK  [0m] Reached target Slices.
[   14.578030] systemd[1]: Starting Journal Service...
         Starting Journal Service...
[   14.589787] random: nonblocking pool is initialized
[   14.595535] systemd[1]: Mounted Huge Pages File System.
[   14.595616] iscsi: registered transport (tcp)
[[0;32m  OK  [0m] Mounted Huge Pages File System.
[   14.609078] systemd[1]: Mounted POSIX Message Queue File System.
[[0;32m  OK  [0m] Mounted POSIX Message Queue File System.
[   14.618898] systemd[1]: Mounted Debug File System.
[[0;32m  OK  [0m] Mounted Debug File System.
[   14.627636] systemd[1]: Started Journal Service.
[[0;32m  OK  [0m] Started Journal Service.
[[0;32m  OK  [0m] Started File System Check on Root Device.
[[0;32m  OK  [0m] Started Set console keymap.
[[0;32m  OK  [0m] Started Uncomplicated firewall.
[[0;32m  OK  [0m] Started Create list of required sta...ce nodes for the current kernel.
[[0;32m  OK  [0m] Started Nameserver information manager.
[[0;32m  OK  [0m] Started LVM2 metadata daemon.
[   14.698353] iscsi: registered transport (iser)
[[0;32m  OK  [0m] Started File System Check Daemon to report status.
         Starting Create Static Device Nodes in /dev...
         Starting Remount Root and Kernel File Systems...
[   14.736451] EXT4-fs (sda1): re-mounted. Opts: (null)
[[0;32m  OK  [0m] Started Load Kernel Modules.
[[0;32m  OK  [0m] Started Create Static Device Nodes in /dev.
[[0;32m  OK  [0m] Started Remount Root and Kernel File Systems.
         Starting Load/Save Random Seed...
         Starting udev Coldplug all Devices...
         Starting Flush Journal to Persistent Storage...
         Starting udev Kernel Device Manager...
         Starting Apply Kernel Variables...
         Mounting FUSE Control File System...
[[0;32m  OK  [0m] Mounted FUSE Control File System.
[[0;32m  OK  [0m] Started Load/Save Random Seed.
[[0;32m  OK  [0m] Started Apply Kernel Variables.
[[0;32m  OK  [0m] Started udev Kernel Device Manager.
[[0;32m  OK  [0m] Started Flush Journal to Persistent Storage.
[[0;32m  OK  [0m] Started udev Coldplug all Devices.
[[0;32m  OK  [0m] Started Dispatch Password Requests to Console Directory Watch.
[[0;32m  OK  [0m] Started Monitoring of LVM2 mirrors,...ng dmeventd or progress polling.
[[0;32m  OK  [0m] Reached target Local File Systems (Pre).
[[0;32m  OK  [0m] Reached target Local File Systems.
         Starting LSB: AppArmor initialization...
         Starting Tell Plymouth To Write Out Runtime Data...
         Starting Set console font and keymap...
         Starting Create Volatile Files and Directories...
         Starting Commit a transient machine-id on disk...
         Starting Initial cloud-init job (pre-networking)...
[[0;32m  OK  [0m] Started Tell Plymouth To Write Out Runtime Data.
[[0;32m  OK  [0m] Started Create Volatile Files and Directories.
[[0;32m  OK  [0m] Started Commit a transient machine-id on disk.
         Starting Update UTMP about System Boot/Shutdown...
[[0;32m  OK  [0m] Started Update UTMP about System Boot/Shutdown.
[[0;32m  OK  [0m] Found device /dev/ttyS0.
[[0;32m  OK  [0m] Listening on Load/Save RF Kill Switch Status /dev/rfkill Watch.
[[0;32m  OK  [0m] Started LSB: AppArmor initialization.
[   16.445045] cloud-init[513]: Cloud-init v. 21.1-19-gbad84ad4-0ubuntu1~16.04.2 running 'init-local' at Mon, 19 Jun 2023 13:08:35 +0000. Up 16.08 seconds.
         Starting Load AppArmor profiles managed internally by snapd...
[[0;32m  OK  [0m] Started Load AppArmor profiles managed internally by snapd.
[[0;32m  OK  [0m] Started Initial cloud-init job (pre-networking).
[[0;32m  OK  [0m] Reached target Network (Pre).
         Starting Raise network interfaces...
[[0;32m  OK  [0m] Started Set console font and keymap.
[[0;32m  OK  [0m] Created slice system-getty.slice.
[[0;32m  OK  [0m] Started Raise network interfaces.
         Starting Initial cloud-init job (metadata service crawler)...
[[0;32m  OK  [0m] Reached target Network.
[   18.268561] cloud-init[960]: Cloud-init v. 21.1-19-gbad84ad4-0ubuntu1~16.04.2 running 'init' at Mon, 19 Jun 2023 13:08:37 +0000. Up 17.42 seconds.
[   18.284105] cloud-init[960]: ci-info: ++++++++++++++++++++++++++++++++++++++Net device info+++++++++++++++++++++++++++++++++++++++
[   18.294542] cloud-init[960]: ci-info: +--------+-------+----------------------------+---------------+--------+-------------------+
[   18.310800] cloud-init[960]: ci-info: | Device |   Up  |          Address           |      Mask     | Scope  |     Hw-Address    |
[   18.317004] cloud-init[960]: ci-info: +--------+-------+----------------------------+---------------+--------+-------------------+
[[0;32m  OK  [0m] Started Initial cloud-init job (metadata service crawler).
[   18.323720] cloud-init[960]: ci-info: | enp0s3 |  True |         10.0.2.15          | 255.255.255.0 | global | 02:be:82:6b:cc:1d |
[[   18.332233] cloud-init[960]: ci-info: | enp0s3 |  True | fe80::be:82ff:fe6b:cc1d/64 |       .       |  link  | 02:be:82:6b:cc:1d |
[   18.333710] cloud-init[960]: ci-info: | enp0s8 | False |             .              |       .       |   .    | 08:00:27:92:5d:df |
[   18.333739] cloud-init[960]: ci-info: |   lo   |  True |         127.0.0.1          |   255.0.0.0   |  host  |         .         |
[   18.334108] cloud-init[960]: ci-info: |   lo   |  True |          ::1/128           |       .       |  host  |         .         |
[   18.334371] cloud-init[960]: ci-info: +--------+-------+----------------------------+---------------+--------+-------------------+
[   18.334657] cloud-init[960]: ci-info: +++++++++++++++++++++++++++Route IPv4 info++++++++++++++++++++++++++++
[   18.335011] cloud-init[960]: ci-info: +-------+-------------+----------+---------------+-----------+-------+
[   18.335309] cloud-init[960]: ci-info: | Route | Destination | Gateway  |    Genmask    | Interface | Flags |
[   18.335652] cloud-init[960]: ci-info: +-------+-------------+----------+---------------+-----------+-------+
[   18.335957] cloud-init[960]: ci-info: |   0   |   0.0.0.0   | 10.0.2.2 |    0.0.0.0    |   enp0s3  |   UG  |
[   18.336641] cloud-init[960]: ci-info: |   1   |   10.0.2.0  | 0.0.0.0  | 255.255.255.0 |   enp0s3  |   U   |
[   18.336970] cloud-init[960]: ci-info: +-------+-------------+----------+---------------+-----------+-------+
[   18.337272] cloud-init[960]: ci-info: +++++++++++++++++++Route IPv6 info+++++++++++++++++++
[   18.337579] cloud-init[960]: ci-info: +-------+-------------+---------+-----------+-------+
[   18.337948] cloud-init[960]: ci-info: | Route | Destination | Gateway | Interface | Flags |
[   18.338246] cloud-init[960]: ci-info: +-------+-------------+---------+-----------+-------+
[   18.338596] cloud-init[960]: ci-info: |   0   |  fe80::/64  |    ::   |   enp0s3  |   U   |
[   18.338919] cloud-init[960]: ci-info: |   3   |   ff00::/8  |    ::   |   enp0s3  |   U   |
[   18.339224] cloud-init[960]: ci-info: +-------+-------------+---------+-----------+-------+
[   18.339553] cloud-init[960]: Generating public/private rsa key pair.
[   18.339876] cloud-init[960]: Your identification has been saved in /etc/ssh/ssh_host_rsa_key.
[   18.340570] cloud-init[960]: Your public key has been saved in /etc/ssh/ssh_host_rsa_key.pub.
[   18.340858] cloud-init[960]: The key fingerprint is:
[   18.341188] cloud-init[960]: SHA256:xbS9EpUb/O1+nc2SGqfouzsqmphzGK0XhBFHle34Vr4 root@ubuntu-xenial
[   18.341545] cloud-init[960]: The key's randomart image is:
[   18.341826] cloud-init[960]: +---[RSA 2048]----+
[   18.342145] cloud-init[960]: |  .oo..o  ....   |
[   18.342483] cloud-init[960]: |  ..  . .o ++    |
[   18.342783] cloud-init[960]: |   o   o  = .+ . |
[   18.343136] cloud-init[960]: |  . . . ....... .|
[   18.343420] cloud-init[960]: |   o   .So. .  . |
[   18.343721] cloud-init[960]: |  . o   o ..    .|
[   18.344231] cloud-init[960]: |   + . .   .. .++|
[   18.344421] cloud-init[960]: |  +oo..   E. +o.*|
[   18.344757] cloud-init[960]: |  o+o. ..o*=o. ..|
[   18.345118] cloud-init[960]: +----[SHA256]-----+
[   18.345393] cloud-init[960]: Generating public/private dsa key pair.
[   18.345723] cloud-init[960]: Your identification has been saved in /etc/ssh/ssh_host_dsa_key.
[   18.346106] cloud-init[960]: Your public key has been saved in /etc/ssh/ssh_host_dsa_key.pub.
[   18.346555] cloud-init[960]: The key fingerprint is:
[   18.347105] cloud-init[960]: SHA256:jqw9UOaHbohfxlrfQ1sNrTSwvrZ/scZRfmCvKKc4+9U root@ubuntu-xenial
[   18.347539] cloud-init[960]: The key's randomart image is:
[   18.347884] cloud-init[960]: +---[DSA 1024]----+
[   18.348866] cloud-init[960]: |                 |
[   18.349264] cloud-init[960]: |          .      |
[   18.349705] cloud-init[960]: |           o .   |
[   18.350095] cloud-init[960]: |      o   . + + .|
[   18.350451] cloud-init[960]: |     + .S. . * = |
[   18.350838] cloud-init[960]: |    .ooo. o o.+ +|
[   18.351233] cloud-init[960]: |   . +B... +.oE=.|
[   18.351655] cloud-init[960]: |  . .B+..o*.o *  |
[   18.351928] cloud-init[960]: |   .+...+==B.o   |
[   18.352729] cloud-init[960]: +----[SHA256]-----+
[   18.353221] cloud-init[960]: Generating public/private ecdsa key pair.
[   18.353647] cloud-init[960]: Your identification has been saved in /etc/ssh/ssh_host_ecdsa_key.
[   18.354123] cloud-init[960]: Your public key has been saved in /etc/ssh/ssh_host_ecdsa_key.pub.
[   18.354610] cloud-init[960]: The key fingerprint is:
[   18.355012] cloud-init[960]: SHA256:N0md29/ySkT9RXTpOYmnTGNo7SjsKvuXbVDCBFfInPw root@ubuntu-xenial
[   18.355391] cloud-init[960]: The key's randomart image is:
[   18.355756] cloud-init[960]: +---[ECDSA 256]---+
[   18.356872] cloud-init[960]: |       .=.+.   .=|
[   18.357321] cloud-init[960]: |        .B . . +.|
[   18.357613] cloud-init[960]: |        o o = + =|
[   18.357997] cloud-init[960]: |         + E X *o|
[   18.358289] cloud-init[960]: |        S B B * o|
[   18.358609] cloud-init[960]: |         = o = ..|
[   18.358688] cloud-init[960]: |        . =   o o|
[   18.438539] cloud-init[960]: |     .   + o . o |
[   18.438792] cloud-init[960]: |     .+oo .   ...|
[   18.439152] cloud-init[960]: +----[SHA256]-----+
[   18.439441] cloud-init[960]: Generating public/private ed25519 key pair.
[   18.439787] cloud-init[960]: Your identification has been saved in /etc/ssh/ssh_host_ed25519_key.
[   18.440495] cloud-init[960]: Your public key has been saved in /etc/ssh/ssh_host_ed25519_key.pub.
[   18.440849] cloud-init[960]: The key fingerprint is:
[   18.441172] cloud-init[960]: SHA256:SdDrM73akTTg8yvocI7YGcMtjGpVWz5O8ZuLfCWpgSs root@ubuntu-xenial
[   18.441467] cloud-init[960]: The key's randomart image is:
[   18.441786] cloud-init[960]: +--[ED25519 256]--+
[   18.442175] cloud-init[960]: |      ..         |
[   18.442467] cloud-init[960]: |       ..        |
[   18.442978] cloud-init[960]: |        o.       |
[   18.443086] cloud-init[960]: |     . =.o       |
[   18.443399] cloud-init[960]: |    . =.S.+      |
[   18.443710] cloud-init[960]: |   = + =+B.+     |
[   18.444020] cloud-init[960]: |  o B *.+oO.     |
[   18.444696] cloud-init[960]: | o E @ooo=.o     |
[   18.445003] cloud-init[960]: |o . =.ooo++      |
[   18.445314] cloud-init[960]: +----[SHA256]-----+
[0;32m  OK  [0m] Reached target Network is Online.
         Starting iSCSI initiator daemon (iscsid)...
[[0;32m  OK  [0m] Reached target Cloud-config availability.
[[0;32m  OK  [0m] Reached target System Initialization.
[[0;32m  OK  [0m] Started Ubuntu Advantage update messaging.
[[0;32m  OK  [0m] Listening on ACPID Listen Socket.
[[0;32m  OK  [0m] Listening on D-Bus System Message Bus Socket.
         Starting Socket activation for snappy daemon.
[[0;32m  OK  [0m] Started Message of the Day.
         Starting LXD - unix socket.
[[0;32m  OK  [0m] Listening on UUID daemon activation socket.
[[0;32m  OK  [0m] Started ACPI Events Check.
[[0;32m  OK  [0m] Reached target Paths.
[[0;32m  OK  [0m] Started Daily apt download activities.
[[0;32m  OK  [0m] Started Daily apt upgrade and clean activities.
[[0;32m  OK  [0m] Started Daily Cleanup of Temporary Directories.
[[0;32m  OK  [0m] Reached target Timers.
[[0;32m  OK  [0m] Listening on Socket activation for snappy daemon.
[[0;32m  OK  [0m] Listening on LXD - unix socket.
[[0;32m  OK  [0m] Started iSCSI initiator daemon (iscsid).
         Starting Login to default iSCSI targets...
[[0;32m  OK  [0m] Reached target Sockets.
[[0;32m  OK  [0m] Reached target Basic System.
         Starting Login Service...
[[0;32m  OK  [0m] Started Regular background program processing daemon.
         Starting Accounts Service...
[[0;32m  OK  [0m] Started ACPI event daemon.
         Starting LSB: Record successful boot for GRUB...
         Starting LXD - container startup/shutdown...
         Starting Pollinate to seed the pseudo random number generator...
[[0;32m  OK  [0m] Started FUSE filesystem for LXC.
[[0;32m  OK  [0m] Started D-Bus System Message Bus.
         Starting /etc/rc.local Compatibility...
         Starting Virtualbox guest utils...
         Starting System Logging Service...
[[0;32m  OK  [0m] Started Deferred execution scheduler.
         Starting LSB: MD monitoring daemon...
         Starting Snap Daemon...
[[0;32m  OK  [0m] Started System Logging Service.
[[0;32m  OK  [0m] Started /etc/rc.local Compatibility.
[[0;32m  OK  [0m] Started LXD - container startup/shutdown.
[[0;32m  OK  [0m] Started Login Service.
[[0;32m  OK  [0m] Started LSB: Record successful boot for GRUB.
[[0;32m  OK  [0m] Started LSB: MD monitoring daemon.
[[0;32m  OK  [0m] Started Unattended Upgrades Shutdown.
         Starting Authenticate and Authorize Users to Run Privileged Tasks...
[[0;32m  OK  [0m] Started Login to default iSCSI targets.
[[0;32m  OK  [0m] Reached target Remote File Systems (Pre).
[[0;32m  OK  [0m] Reached target Remote File Systems.
         Starting Permit User Sessions...
         Starting LSB: daemon to balance interrupts for SMP systems...
         Starting LSB: Set the CPU Frequency Scaling governor to "ondemand"...
         Starting LSB: automatic crash report generation...
[[0;32m  OK  [0m] Started Permit User Sessions.
[[0;32m  OK  [0m] Started Authenticate and Authorize Users to Run Privileged Tasks.
[[0;32m  OK  [0m] Started Accounts Service.
         Starting Terminate Plymouth Boot Screen...
         Starting Hold until boot process finishes up...
[[0;32m  OK  [0m] Started Hold until boot process finishes up.
[[0;32m  OK  [0m] Started Terminate Plymouth Boot Screen.
[[0;32m  OK  [0m] Started Getty on tty1.
[[0;32m  OK  [0m] Started Serial Getty on ttyS0.
[[0;32m  OK  [0m] Reached target Login Prompts.
         Starting Set console scheme...
[[0;32m  OK  [0m] Started Virtualbox guest utils.
[[0;32m  OK  [0m] Started LSB: daemon to balance interrupts for SMP systems.
[[0;32m  OK  [0m] Started Set console scheme.
[[0;32m  OK  [0m] Started LSB: Set the CPU Frequency Scaling governor to "ondemand".
[[0;32m  OK  [0m] Started LSB: automatic crash report generation.
[[0;32m  OK  [0m] Started Snap Daemon.
         Starting Wait until snapd is fully seeded...
[[0;32m  OK  [0m] Started Pollinate to seed the pseudo random number generator.
         Starting OpenBSD Secure Shell server...
[[0;32m  OK  [0m] Started OpenBSD Secure Shell server.
[[0;32m  OK  [0m] Created slice User Slice of vagrant.
         Starting User Manager for UID 1000...
[[0;32m  OK  [0m] Started Session 1 of user vagrant.
[[0;32m  OK  [0m] Started User Manager for UID 1000.
[   24.916595] cloud-init[1532]: Generating locales (this might take a while)...

Ubuntu 16.04.7 LTS ubuntu-xenial ttyS0

ubuntu-xenial login: [   25.810648] cloud-init[1532]:   en_US.UTF-8... done
[   25.814021] cloud-init[1532]: Generation complete.
[   26.186450] cloud-init[1532]: Cloud-init v. 21.1-19-gbad84ad4-0ubuntu1~16.04.2 running 'modules:config' at Mon, 19 Jun 2023 13:08:44 +0000. Up 24.81 seconds.
ci-info: no authorized SSH keys fingerprints found for user ubuntu.
<14>Jun 19 13:08:46 ec2: 
<14>Jun 19 13:08:46 ec2: #############################################################
<14>Jun 19 13:08:46 ec2: -----BEGIN SSH HOST KEY FINGERPRINTS-----
<14>Jun 19 13:08:46 ec2: 1024 SHA256:jqw9UOaHbohfxlrfQ1sNrTSwvrZ/scZRfmCvKKc4+9U root@ubuntu-xenial (DSA)
<14>Jun 19 13:08:46 ec2: 256 SHA256:N0md29/ySkT9RXTpOYmnTGNo7SjsKvuXbVDCBFfInPw root@ubuntu-xenial (ECDSA)
<14>Jun 19 13:08:46 ec2: 256 SHA256:SdDrM73akTTg8yvocI7YGcMtjGpVWz5O8ZuLfCWpgSs root@ubuntu-xenial (ED25519)
<14>Jun 19 13:08:46 ec2: 2048 SHA256:xbS9EpUb/O1+nc2SGqfouzsqmphzGK0XhBFHle34Vr4 root@ubuntu-xenial (RSA)
<14>Jun 19 13:08:46 ec2: -----END SSH HOST KEY FINGERPRINTS-----
<14>Jun 19 13:08:46 ec2: #############################################################
-----BEGIN SSH HOST KEY KEYS-----
ecdsa-sha2-nistp256 AAAAE2VjZHNhLXNoYTItbmlzdHAyNTYAAAAIbmlzdHAyNTYAAABBBGNUJduCBiX6OJvUzzlo6Uuo0+i6i0rQtuM105Ryqa1MhqqQkPTWFj3WuFJhMeWt0qOJWoGsvX1pV799KT8WRSs= root@ubuntu-xenial
ssh-ed25519 AAAAC3NzaC1lZDI1NTE5AAAAIAh4kT4PGCNdQRum86hHpXnmfqsywJZT4JOTWr/HtQ2o root@ubuntu-xenial
ssh-rsa AAAAB3NzaC1yc2EAAAADAQABAAABAQDWc2+yjtbLrFYidOl8E2KmJkrIaUKGjvG+UEo3/HbjCWxoEAyidqoaumebci5Y2QyGHCCAquS1VR+7aVWpbVDjcolo9Gm19h0H6pQv8CuyfW0paTnQgXKzpxj193vczfOnOKozOIDZcCKnCbf5ZbVuZNhzAiLfSXiIC5YC1v02w1pjNAmQfgLQq9VEsMylpFbrnHQttcvPLhVrev4A50ubd7GFulCH10rT+OtlVTeVqy7CYY4+umgqRc/gF6JmTLXPyyZkNPAmvJaVB48sxzxilvbKu6VvMKzS8Gb/HX4obfrxfuY4/J3L+DSWYj6eW/PB0gFp3nfO0fqH2k6zsTPV root@ubuntu-xenial
-----END SSH HOST KEY KEYS-----
[   26.661864] cloud-init[1676]: Cloud-init v. 21.1-19-gbad84ad4-0ubuntu1~16.04.2 running 'modules:final' at Mon, 19 Jun 2023 13:08:46 +0000. Up 26.44 seconds.
[   26.671238] cloud-init[1676]: ci-info: no authorized SSH keys fingerprints found for user ubuntu.
[   26.676506] cloud-init[1676]: Cloud-init v. 21.1-19-gbad84ad4-0ubuntu1~16.04.2 finished at Mon, 19 Jun 2023 13:08:46 +0000. Datasource DataSourceNoCloud [seed=/dev/sdb][dsmode=net].  Up 26.62 seconds
